# JRE version: Java(TM) SE Runtime Environment (8.0_111-b14) (build 1.8.0_111-b14)
# Java VM: Java HotSpot(TM) 64-Bit Server VM (25.111-b14 mixed mode windows-amd64 compressed oops)
Heap:
 PSYoungGen      total 568832K, used 346204K [0x00000000d5580000, 0x0000000100000000, 0x0000000100000000)
  eden space 446976K, 50% used [0x00000000d5580000,0x00000000e30e5d00,0x00000000f0a00000)
  from space 121856K, 99% used [0x00000000f0a00000,0x00000000f80b1670,0x00000000f8100000)
  to   space 130048K, 0% used [0x00000000f8100000,0x00000000f8100000,0x0000000100000000)
 ParOldGen       total 591360K, used 266930K [0x0000000080000000, 0x00000000a4180000, 0x00000000d5580000)
  object space 591360K, 45% used [0x0000000080000000,0x00000000904acb48,0x00000000a4180000)
 Metaspace       used 117735K, capacity 125214K, committed 125312K, reserved 1159168K
  class space    used 14613K, capacity 15998K, committed 16000K, reserved 1048576K
GC Heap History (10 events):
Event: 24821.942 GC heap before
{Heap before GC invocations=162 (full 17):
 PSYoungGen      total 567296K, used 527529K [0x00000000d5580000, 0x0000000100000000, 0x0000000100000000)
  eden space 449024K, 100% used [0x00000000d5580000,0x00000000f0c00000,0x00000000f0c00000)
  from space 118272K, 66% used [0x00000000f8700000,0x00000000fd3aa4a8,0x00000000ffa80000)
  to   space 124928K, 0% used [0x00000000f0c00000,0x00000000f0c00000,0x00000000f8600000)
 ParOldGen       total 591360K, used 241928K [0x0000000080000000, 0x00000000a4180000, 0x00000000d5580000)
  object space 591360K, 40% used [0x0000000080000000,0x000000008ec42028,0x00000000a4180000)
 Metaspace       used 100654K, capacity 107994K, committed 109440K, reserved 1144832K
  class space    used 12670K, capacity 14025K, committed 14208K, reserved 1048576K
Event: 24821.952 GC heap after
Heap after GC invocations=162 (full 17):
 PSYoungGen      total 573952K, used 5592K [0x00000000d5580000, 0x0000000100000000, 0x0000000100000000)
  eden space 449024K, 0% used [0x00000000d5580000,0x00000000d5580000,0x00000000f0c00000)
  from space 124928K, 4% used [0x00000000f0c00000,0x00000000f1176260,0x00000000f8600000)
  to   space 123392K, 0% used [0x00000000f8780000,0x00000000f8780000,0x0000000100000000)
 ParOldGen       total 591360K, used 242723K [0x0000000080000000, 0x00000000a4180000, 0x00000000d5580000)
  object space 591360K, 41% used [0x0000000080000000,0x000000008ed08ef8,0x00000000a4180000)
 Metaspace       used 100654K, capacity 107994K, committed 109440K, reserved 1144832K
  class space    used 12670K, capacity 14025K, committed 14208K, reserved 1048576K
}
Event: 24831.592 GC heap before
{Heap before GC invocations=163 (full 17):
 PSYoungGen      total 573952K, used 454616K [0x00000000d5580000, 0x0000000100000000, 0x0000000100000000)
  eden space 449024K, 100% used [0x00000000d5580000,0x00000000f0c00000,0x00000000f0c00000)
  from space 124928K, 4% used [0x00000000f0c00000,0x00000000f1176260,0x00000000f8600000)
  to   space 123392K, 0% used [0x00000000f8780000,0x00000000f8780000,0x0000000100000000)
 ParOldGen       total 591360K, used 242723K [0x0000000080000000, 0x00000000a4180000, 0x00000000d5580000)
  object space 591360K, 41% used [0x0000000080000000,0x000000008ed08ef8,0x00000000a4180000)
 Metaspace       used 111461K, capacity 118850K, committed 119168K, reserved 1153024K
  class space    used 14011K, capacity 15364K, committed 15488K, reserved 1048576K
Event: 24831.656 GC heap after
Heap after GC invocations=163 (full 17):
 PSYoungGen      total 560128K, used 45207K [0x00000000d5580000, 0x00000000ff280000, 0x0000000100000000)
  eden space 450560K, 0% used [0x00000000d5580000,0x00000000d5580000,0x00000000f0d80000)
  from space 109568K, 41% used [0x00000000f8780000,0x00000000fb3a5c10,0x00000000ff280000)
  to   space 117248K, 0% used [0x00000000f0d80000,0x00000000f0d80000,0x00000000f8000000)
 ParOldGen       total 591360K, used 246753K [0x0000000080000000, 0x00000000a4180000, 0x00000000d5580000)
  object space 591360K, 41% used [0x0000000080000000,0x000000008f0f86a8,0x00000000a4180000)
 Metaspace       used 111461K, capacity 118850K, committed 119168K, reserved 1153024K
  class space    used 14011K, capacity 15364K, committed 15488K, reserved 1048576K
}
Event: 24841.967 GC heap before
{Heap before GC invocations=164 (full 17):
 PSYoungGen      total 560128K, used 495767K [0x00000000d5580000, 0x00000000ff280000, 0x0000000100000000)
  eden space 450560K, 100% used [0x00000000d5580000,0x00000000f0d80000,0x00000000f0d80000)
  from space 109568K, 41% used [0x00000000f8780000,0x00000000fb3a5c10,0x00000000ff280000)
  to   space 117248K, 0% used [0x00000000f0d80000,0x00000000f0d80000,0x00000000f8000000)
 ParOldGen       total 591360K, used 246753K [0x0000000080000000, 0x00000000a4180000, 0x00000000d5580000)
  object space 591360K, 41% used [0x0000000080000000,0x000000008f0f86a8,0x00000000a4180000)
 Metaspace       used 117700K, capacity 125194K, committed 125312K, reserved 1159168K
  class space    used 14613K, capacity 15998K, committed 16000K, reserved 1048576K
Event: 24842.030 GC heap after
Heap after GC invocations=164 (full 17):
 PSYoungGen      total 567808K, used 23791K [0x00000000d5580000, 0x00000000ffd80000, 0x0000000100000000)
  eden space 450560K, 0% used [0x00000000d5580000,0x00000000d5580000,0x00000000f0d80000)
  from space 117248K, 20% used [0x00000000f0d80000,0x00000000f24bbdb0,0x00000000f8000000)
  to   space 112128K, 0% used [0x00000000f9000000,0x00000000f9000000,0x00000000ffd80000)
 ParOldGen       total 591360K, used 256434K [0x0000000080000000, 0x00000000a4180000, 0x00000000d5580000)
  object space 591360K, 43% used [0x0000000080000000,0x000000008fa6cb80,0x00000000a4180000)
 Metaspace       used 117700K, capacity 125194K, committed 125312K, reserved 1159168K
  class space    used 14613K, capacity 15998K, committed 16000K, reserved 1048576K
}
Event: 24845.650 GC heap before
{Heap before GC invocations=165 (full 17):
 PSYoungGen      total 567808K, used 474351K [0x00000000d5580000, 0x00000000ffd80000, 0x0000000100000000)
  eden space 450560K, 100% used [0x00000000d5580000,0x00000000f0d80000,0x00000000f0d80000)
  from space 117248K, 20% used [0x00000000f0d80000,0x00000000f24bbdb0,0x00000000f8000000)
  to   space 112128K, 0% used [0x00000000f9000000,0x00000000f9000000,0x00000000ffd80000)
 ParOldGen       total 591360K, used 256434K [0x0000000080000000, 0x00000000a4180000, 0x00000000d5580000)
  object space 591360K, 43% used [0x0000000080000000,0x000000008fa6cb80,0x00000000a4180000)
 Metaspace       used 117711K, capacity 125198K, committed 125312K, reserved 1159168K
  class space    used 14613K, capacity 15998K, committed 16000K, reserved 1048576K
Event: 24845.713 GC heap after
Heap after GC invocations=165 (full 17):
 PSYoungGen      total 559104K, used 95310K [0x00000000d5580000, 0x0000000100000000, 0x0000000100000000)
  eden space 446976K, 0% used [0x00000000d5580000,0x00000000d5580000,0x00000000f0a00000)
  from space 112128K, 85% used [0x00000000f9000000,0x00000000fed13828,0x00000000ffd80000)
  to   space 125952K, 0% used [0x00000000f0a00000,0x00000000f0a00000,0x00000000f8500000)
 ParOldGen       total 591360K, used 262422K [0x0000000080000000, 0x00000000a4180000, 0x00000000d5580000)
  object space 591360K, 44% used [0x0000000080000000,0x0000000090045aa0,0x00000000a4180000)
 Metaspace       used 117711K, capacity 125198K, committed 125312K, reserved 1159168K
  class space    used 14613K, capacity 15998K, committed 16000K, reserved 1048576K
}
Event: 24846.176 GC heap before
{Heap before GC invocations=166 (full 17):
 PSYoungGen      total 559104K, used 542286K [0x00000000d5580000, 0x0000000100000000, 0x0000000100000000)
  eden space 446976K, 100% used [0x00000000d5580000,0x00000000f0a00000,0x00000000f0a00000)
  from space 112128K, 85% used [0x00000000f9000000,0x00000000fed13828,0x00000000ffd80000)
  to   space 125952K, 0% used [0x00000000f0a00000,0x00000000f0a00000,0x00000000f8500000)
 ParOldGen       total 591360K, used 262422K [0x0000000080000000, 0x00000000a4180000, 0x00000000d5580000)
  object space 591360K, 44% used [0x0000000080000000,0x0000000090045aa0,0x00000000a4180000)
 Metaspace       used 117711K, capacity 125198K, committed 125312K, reserved 1159168K
  class space    used 14613K, capacity 15998K, committed 16000K, reserved 1048576K
Event: 24846.349 GC heap after
Heap after GC invocations=166 (full 17):
 PSYoungGen      total 568832K, used 121541K [0x00000000d5580000, 0x0000000100000000, 0x0000000100000000)
  eden space 446976K, 0% used [0x00000000d5580000,0x00000000d5580000,0x00000000f0a00000)
  from space 121856K, 99% used [0x00000000f0a00000,0x00000000f80b1670,0x00000000f8100000)
  to   space 130048K, 0% used [0x00000000f8100000,0x00000000f8100000,0x0000000100000000)
 ParOldGen       total 591360K, used 266930K [0x0000000080000000, 0x00000000a4180000, 0x00000000d5580000)
  object space 591360K, 45% used [0x0000000080000000,0x00000000904acb48,0x00000000a4180000)
 Metaspace       used 117711K, capacity 125198K, committed 125312K, reserved 1159168K
  class space    used 14613K, capacity 15998K, committed 16000K, reserved 1048576K
}

