# JRE version: Java(TM) SE Runtime Environment (8.0_111-b14) (build 1.8.0_111-b14)
# Java VM: Java HotSpot(TM) 64-Bit Server VM (25.111-b14 mixed mode windows-amd64 compressed oops)
Heap:
 PSYoungGen      total 534528K, used 423154K [0x00000000d5580000, 0x00000000fe780000, 0x0000000100000000)
  eden space 395264K, 100% used [0x00000000d5580000,0x00000000ed780000,0x00000000ed780000)
  from space 139264K, 20% used [0x00000000f5f80000,0x00000000f7abc990,0x00000000fe780000)
  to   space 139264K, 55% used [0x00000000ed780000,0x00000000f22f2208,0x00000000f5f80000)
 ParOldGen       total 546816K, used 443579K [0x0000000080000000, 0x00000000a1600000, 0x00000000d5580000)
  object space 546816K, 81% used [0x0000000080000000,0x000000009b12ec30,0x00000000a1600000)
 Metaspace       used 128845K, capacity 136317K, committed 136536K, reserved 1167360K
  class space    used 16396K, capacity 17829K, committed 18008K, reserved 1048576K
GC Heap History (10 events):
Event: 6328.517 GC heap after
Heap after GC invocations=102 (full 10):
 PSYoungGen      total 537088K, used 45873K [0x00000000d5580000, 0x0000000100000000, 0x0000000100000000)
  eden space 363520K, 0% used [0x00000000d5580000,0x00000000d5580000,0x00000000eb880000)
  from space 173568K, 26% used [0x00000000f5680000,0x00000000f834c7f8,0x0000000100000000)
  to   space 161792K, 0% used [0x00000000eb880000,0x00000000eb880000,0x00000000f5680000)
 ParOldGen       total 546816K, used 408475K [0x0000000080000000, 0x00000000a1600000, 0x00000000d5580000)
  object space 546816K, 74% used [0x0000000080000000,0x0000000098ee6f18,0x00000000a1600000)
 Metaspace       used 127910K, capacity 135221K, committed 136024K, reserved 1167360K
  class space    used 16309K, capacity 17711K, committed 18008K, reserved 1048576K
}
Event: 6328.592 GC heap before
{Heap before GC invocations=103 (full 10):
 PSYoungGen      total 537088K, used 408765K [0x00000000d5580000, 0x0000000100000000, 0x0000000100000000)
  eden space 363520K, 99% used [0x00000000d5580000,0x00000000eb7e2fb0,0x00000000eb880000)
  from space 173568K, 26% used [0x00000000f5680000,0x00000000f834c7f8,0x0000000100000000)
  to   space 161792K, 0% used [0x00000000eb880000,0x00000000eb880000,0x00000000f5680000)
 ParOldGen       total 546816K, used 408475K [0x0000000080000000, 0x00000000a1600000, 0x00000000d5580000)
  object space 546816K, 74% used [0x0000000080000000,0x0000000098ee6f18,0x00000000a1600000)
 Metaspace       used 127910K, capacity 135221K, committed 136024K, reserved 1167360K
  class space    used 16309K, capacity 17711K, committed 18008K, reserved 1048576K
Event: 6328.597 GC heap after
Heap after GC invocations=103 (full 10):
 PSYoungGen      total 365568K, used 1876K [0x00000000d5580000, 0x00000000fee80000, 0x0000000100000000)
  eden space 363520K, 0% used [0x00000000d5580000,0x00000000d5580000,0x00000000eb880000)
  from space 2048K, 91% used [0x00000000eb880000,0x00000000eba55010,0x00000000eba80000)
  to   space 158720K, 0% used [0x00000000f5380000,0x00000000f5380000,0x00000000fee80000)
 ParOldGen       total 546816K, used 416732K [0x0000000080000000, 0x00000000a1600000, 0x00000000d5580000)
  object space 546816K, 76% used [0x0000000080000000,0x00000000996f73c8,0x00000000a1600000)
 Metaspace       used 127910K, capacity 135221K, committed 136024K, reserved 1167360K
  class space    used 16309K, capacity 17711K, committed 18008K, reserved 1048576K
}
Event: 6328.644 GC heap before
{Heap before GC invocations=104 (full 10):
 PSYoungGen      total 365568K, used 364637K [0x00000000d5580000, 0x00000000fee80000, 0x0000000100000000)
  eden space 363520K, 99% used [0x00000000d5580000,0x00000000eb7c24b8,0x00000000eb880000)
  from space 2048K, 91% used [0x00000000eb880000,0x00000000eba55010,0x00000000eba80000)
  to   space 158720K, 0% used [0x00000000f5380000,0x00000000f5380000,0x00000000fee80000)
 ParOldGen       total 546816K, used 416732K [0x0000000080000000, 0x00000000a1600000, 0x00000000d5580000)
  object space 546816K, 76% used [0x0000000080000000,0x00000000996f73c8,0x00000000a1600000)
 Metaspace       used 127910K, capacity 135221K, committed 136024K, reserved 1167360K
  class space    used 16309K, capacity 17711K, committed 18008K, reserved 1048576K
Event: 6328.649 GC heap after
Heap after GC invocations=104 (full 10):
 PSYoungGen      total 526336K, used 96K [0x00000000d5580000, 0x0000000100000000, 0x0000000100000000)
  eden space 367616K, 0% used [0x00000000d5580000,0x00000000d5580000,0x00000000ebc80000)
  from space 158720K, 0% used [0x00000000f5380000,0x00000000f5398000,0x00000000fee80000)
  to   space 154624K, 0% used [0x00000000ebc80000,0x00000000ebc80000,0x00000000f5380000)
 ParOldGen       total 546816K, used 418507K [0x0000000080000000, 0x00000000a1600000, 0x00000000d5580000)
  object space 546816K, 76% used [0x0000000080000000,0x00000000998b2d48,0x00000000a1600000)
 Metaspace       used 127910K, capacity 135221K, committed 136024K, reserved 1167360K
  class space    used 16309K, capacity 17711K, committed 18008K, reserved 1048576K
}
Event: 6533.592 GC heap before
{Heap before GC invocations=105 (full 10):
 PSYoungGen      total 526336K, used 367712K [0x00000000d5580000, 0x0000000100000000, 0x0000000100000000)
  eden space 367616K, 100% used [0x00000000d5580000,0x00000000ebc80000,0x00000000ebc80000)
  from space 158720K, 0% used [0x00000000f5380000,0x00000000f5398000,0x00000000fee80000)
  to   space 154624K, 0% used [0x00000000ebc80000,0x00000000ebc80000,0x00000000f5380000)
 ParOldGen       total 546816K, used 418507K [0x0000000080000000, 0x00000000a1600000, 0x00000000d5580000)
  object space 546816K, 76% used [0x0000000080000000,0x00000000998b2d48,0x00000000a1600000)
 Metaspace       used 127986K, capacity 135411K, committed 136024K, reserved 1167360K
  class space    used 16315K, capacity 17720K, committed 18008K, reserved 1048576K
Event: 6533.603 GC heap after
Heap after GC invocations=105 (full 10):
 PSYoungGen      total 522240K, used 6277K [0x00000000d5580000, 0x00000000ff100000, 0x0000000100000000)
  eden space 367616K, 0% used [0x00000000d5580000,0x00000000d5580000,0x00000000ebc80000)
  from space 154624K, 4% used [0x00000000ebc80000,0x00000000ec2a1440,0x00000000f5380000)
  to   space 148992K, 0% used [0x00000000f5f80000,0x00000000f5f80000,0x00000000ff100000)
 ParOldGen       total 546816K, used 418539K [0x0000000080000000, 0x00000000a1600000, 0x00000000d5580000)
  object space 546816K, 76% used [0x0000000080000000,0x00000000998bad48,0x00000000a1600000)
 Metaspace       used 127986K, capacity 135411K, committed 136024K, reserved 1167360K
  class space    used 16315K, capacity 17720K, committed 18008K, reserved 1048576K
}
Event: 6536.500 GC heap before
{Heap before GC invocations=106 (full 10):
 PSYoungGen      total 522240K, used 373893K [0x00000000d5580000, 0x00000000ff100000, 0x0000000100000000)
  eden space 367616K, 100% used [0x00000000d5580000,0x00000000ebc80000,0x00000000ebc80000)
  from space 154624K, 4% used [0x00000000ebc80000,0x00000000ec2a1440,0x00000000f5380000)
  to   space 148992K, 0% used [0x00000000f5f80000,0x00000000f5f80000,0x00000000ff100000)
 ParOldGen       total 546816K, used 418539K [0x0000000080000000, 0x00000000a1600000, 0x00000000d5580000)
  object space 546816K, 76% used [0x0000000080000000,0x00000000998bad48,0x00000000a1600000)
 Metaspace       used 128010K, capacity 135423K, committed 136024K, reserved 1167360K
  class space    used 16316K, capacity 17722K, committed 18008K, reserved 1048576K
Event: 6536.527 GC heap after
Heap after GC invocations=106 (full 10):
 PSYoungGen      total 534528K, used 27890K [0x00000000d5580000, 0x00000000fe780000, 0x0000000100000000)
  eden space 395264K, 0% used [0x00000000d5580000,0x00000000d5580000,0x00000000ed780000)
  from space 139264K, 20% used [0x00000000f5f80000,0x00000000f7abc990,0x00000000fe780000)
  to   space 139264K, 0% used [0x00000000ed780000,0x00000000ed780000,0x00000000f5f80000)
 ParOldGen       total 546816K, used 424158K [0x0000000080000000, 0x00000000a1600000, 0x00000000d5580000)
  object space 546816K, 77% used [0x0000000080000000,0x0000000099e37828,0x00000000a1600000)
 Metaspace       used 128010K, capacity 135423K, committed 136024K, reserved 1167360K
  class space    used 16316K, capacity 17722K, committed 18008K, reserved 1048576K
}
Event: 6537.842 GC heap before
{Heap before GC invocations=107 (full 10):
 PSYoungGen      total 534528K, used 423154K [0x00000000d5580000, 0x00000000fe780000, 0x0000000100000000)
  eden space 395264K, 100% used [0x00000000d5580000,0x00000000ed780000,0x00000000ed780000)
  from space 139264K, 20% used [0x00000000f5f80000,0x00000000f7abc990,0x00000000fe780000)
  to   space 139264K, 0% used [0x00000000ed780000,0x00000000ed780000,0x00000000f5f80000)
 ParOldGen       total 546816K, used 424158K [0x0000000080000000, 0x00000000a1600000, 0x00000000d5580000)
  object space 546816K, 77% used [0x0000000080000000,0x0000000099e37828,0x00000000a1600000)
 Metaspace       used 128845K, capacity 136317K, committed 136536K, reserved 1167360K
  class space    used 16396K, capacity 17829K, committed 18008K, reserved 1048576K

