# JRE version: Java(TM) SE Runtime Environment (8.0_111-b14) (build 1.8.0_111-b14)
# Java VM: Java HotSpot(TM) 64-Bit Server VM (25.111-b14 mixed mode windows-amd64 compressed oops)
Heap:
 PSYoungGen      total 538112K, used 247175K [0x00000000d5580000, 0x0000000100000000, 0x0000000100000000)
  eden space 399360K, 42% used [0x00000000d5580000,0x00000000dfbefbf0,0x00000000edb80000)
  from space 138752K, 55% used [0x00000000edb80000,0x00000000f2672348,0x00000000f6300000)
  to   space 140288K, 0% used [0x00000000f7700000,0x00000000f7700000,0x0000000100000000)
 ParOldGen       total 386048K, used 309023K [0x0000000080000000, 0x0000000097900000, 0x00000000d5580000)
  object space 386048K, 80% used [0x0000000080000000,0x0000000092dc7c88,0x0000000097900000)
 Metaspace       used 131562K, capacity 139680K, committed 144984K, reserved 1171456K
  class space    used 17107K, capacity 18981K, committed 23680K, reserved 1048576K
GC Heap History (10 events):
Event: 9743.537 GC heap before
{Heap before GC invocations=79 (full 8):
 PSYoungGen      total 527360K, used 385948K [0x00000000d5580000, 0x00000000ff700000, 0x0000000100000000)
  eden space 371200K, 99% used [0x00000000d5580000,0x00000000ebfa51f0,0x00000000ec000000)
  from space 156160K, 9% used [0x00000000f5e80000,0x00000000f6d42138,0x00000000ff700000)
  to   space 159232K, 0% used [0x00000000ec000000,0x00000000ec000000,0x00000000f5b80000)
 ParOldGen       total 386048K, used 239113K [0x0000000080000000, 0x0000000097900000, 0x00000000d5580000)
  object space 386048K, 61% used [0x0000000080000000,0x000000008e982750,0x0000000097900000)
 Metaspace       used 130541K, capacity 138524K, committed 144344K, reserved 1169408K
  class space    used 17010K, capacity 18823K, committed 23552K, reserved 1048576K
Event: 9743.558 GC heap after
Heap after GC invocations=79 (full 8):
 PSYoungGen      total 530432K, used 9434K [0x00000000d5580000, 0x00000000fff00000, 0x0000000100000000)
  eden space 371200K, 0% used [0x00000000d5580000,0x00000000d5580000,0x00000000ec000000)
  from space 159232K, 5% used [0x00000000ec000000,0x00000000ec936940,0x00000000f5b80000)
  to   space 157184K, 0% used [0x00000000f6580000,0x00000000f6580000,0x00000000fff00000)
 ParOldGen       total 386048K, used 253121K [0x0000000080000000, 0x0000000097900000, 0x00000000d5580000)
  object space 386048K, 65% used [0x0000000080000000,0x000000008f7304f0,0x0000000097900000)
 Metaspace       used 130541K, capacity 138524K, committed 144344K, reserved 1169408K
  class space    used 17010K, capacity 18823K, committed 23552K, reserved 1048576K
}
Event: 9851.067 GC heap before
{Heap before GC invocations=80 (full 8):
 PSYoungGen      total 530432K, used 380634K [0x00000000d5580000, 0x00000000fff00000, 0x0000000100000000)
  eden space 371200K, 100% used [0x00000000d5580000,0x00000000ec000000,0x00000000ec000000)
  from space 159232K, 5% used [0x00000000ec000000,0x00000000ec936940,0x00000000f5b80000)
  to   space 157184K, 0% used [0x00000000f6580000,0x00000000f6580000,0x00000000fff00000)
 ParOldGen       total 386048K, used 253121K [0x0000000080000000, 0x0000000097900000, 0x00000000d5580000)
  object space 386048K, 65% used [0x0000000080000000,0x000000008f7304f0,0x0000000097900000)
 Metaspace       used 130636K, capacity 138750K, committed 144344K, reserved 1169408K
  class space    used 17025K, capacity 18870K, committed 23552K, reserved 1048576K
Event: 9851.079 GC heap after
Heap after GC invocations=80 (full 8):
 PSYoungGen      total 533504K, used 5025K [0x00000000d5580000, 0x00000000ff900000, 0x0000000100000000)
  eden space 382464K, 0% used [0x00000000d5580000,0x00000000d5580000,0x00000000ecb00000)
  from space 151040K, 3% used [0x00000000f6580000,0x00000000f6a68728,0x00000000ff900000)
  to   space 154624K, 0% used [0x00000000ecb00000,0x00000000ecb00000,0x00000000f6200000)
 ParOldGen       total 386048K, used 253193K [0x0000000080000000, 0x0000000097900000, 0x00000000d5580000)
  object space 386048K, 65% used [0x0000000080000000,0x000000008f742510,0x0000000097900000)
 Metaspace       used 130636K, capacity 138750K, committed 144344K, reserved 1169408K
  class space    used 17025K, capacity 18870K, committed 23552K, reserved 1048576K
}
Event: 9852.818 GC heap before
{Heap before GC invocations=81 (full 8):
 PSYoungGen      total 533504K, used 387489K [0x00000000d5580000, 0x00000000ff900000, 0x0000000100000000)
  eden space 382464K, 100% used [0x00000000d5580000,0x00000000ecb00000,0x00000000ecb00000)
  from space 151040K, 3% used [0x00000000f6580000,0x00000000f6a68728,0x00000000ff900000)
  to   space 154624K, 0% used [0x00000000ecb00000,0x00000000ecb00000,0x00000000f6200000)
 ParOldGen       total 386048K, used 253193K [0x0000000080000000, 0x0000000097900000, 0x00000000d5580000)
  object space 386048K, 65% used [0x0000000080000000,0x000000008f742510,0x0000000097900000)
 Metaspace       used 130691K, capacity 138770K, committed 144344K, reserved 1169408K
  class space    used 17026K, capacity 18872K, committed 23552K, reserved 1048576K
Event: 9852.853 GC heap after
Heap after GC invocations=81 (full 8):
 PSYoungGen      total 537088K, used 39817K [0x00000000d5580000, 0x00000000ff080000, 0x0000000100000000)
  eden space 382464K, 0% used [0x00000000d5580000,0x00000000d5580000,0x00000000ecb00000)
  from space 154624K, 25% used [0x00000000ecb00000,0x00000000ef1e2688,0x00000000f6200000)
  to   space 144896K, 0% used [0x00000000f6300000,0x00000000f6300000,0x00000000ff080000)
 ParOldGen       total 386048K, used 255431K [0x0000000080000000, 0x0000000097900000, 0x00000000d5580000)
  object space 386048K, 66% used [0x0000000080000000,0x000000008f971fb0,0x0000000097900000)
 Metaspace       used 130691K, capacity 138770K, committed 144344K, reserved 1169408K
  class space    used 17026K, capacity 18872K, committed 23552K, reserved 1048576K
}
Event: 9855.861 GC heap before
{Heap before GC invocations=82 (full 8):
 PSYoungGen      total 537088K, used 422281K [0x00000000d5580000, 0x00000000ff080000, 0x0000000100000000)
  eden space 382464K, 100% used [0x00000000d5580000,0x00000000ecb00000,0x00000000ecb00000)
  from space 154624K, 25% used [0x00000000ecb00000,0x00000000ef1e2688,0x00000000f6200000)
  to   space 144896K, 0% used [0x00000000f6300000,0x00000000f6300000,0x00000000ff080000)
 ParOldGen       total 386048K, used 255431K [0x0000000080000000, 0x0000000097900000, 0x00000000d5580000)
  object space 386048K, 66% used [0x0000000080000000,0x000000008f971fb0,0x0000000097900000)
 Metaspace       used 131053K, capacity 139182K, committed 144728K, reserved 1171456K
  class space    used 17069K, capacity 18946K, committed 23680K, reserved 1048576K
Event: 9855.914 GC heap after
Heap after GC invocations=82 (full 8):
 PSYoungGen      total 538112K, used 55980K [0x00000000d5580000, 0x00000000fea80000, 0x0000000100000000)
  eden space 399360K, 0% used [0x00000000d5580000,0x00000000d5580000,0x00000000edb80000)
  from space 138752K, 40% used [0x00000000f6300000,0x00000000f99ab080,0x00000000fea80000)
  to   space 138752K, 0% used [0x00000000edb80000,0x00000000edb80000,0x00000000f6300000)
 ParOldGen       total 386048K, used 264571K [0x0000000080000000, 0x0000000097900000, 0x00000000d5580000)
  object space 386048K, 68% used [0x0000000080000000,0x000000009025ee10,0x0000000097900000)
 Metaspace       used 131053K, capacity 139182K, committed 144728K, reserved 1171456K
  class space    used 17069K, capacity 18946K, committed 23680K, reserved 1048576K
}
Event: 9858.178 GC heap before
{Heap before GC invocations=83 (full 8):
 PSYoungGen      total 538112K, used 455340K [0x00000000d5580000, 0x00000000fea80000, 0x0000000100000000)
  eden space 399360K, 100% used [0x00000000d5580000,0x00000000edb80000,0x00000000edb80000)
  from space 138752K, 40% used [0x00000000f6300000,0x00000000f99ab080,0x00000000fea80000)
  to   space 138752K, 0% used [0x00000000edb80000,0x00000000edb80000,0x00000000f6300000)
 ParOldGen       total 386048K, used 264571K [0x0000000080000000, 0x0000000097900000, 0x00000000d5580000)
  object space 386048K, 68% used [0x0000000080000000,0x000000009025ee10,0x0000000097900000)
 Metaspace       used 131544K, capacity 139680K, committed 144984K, reserved 1171456K
  class space    used 17107K, capacity 18981K, committed 23680K, reserved 1048576K
Event: 9858.277 GC heap after
Heap after GC invocations=83 (full 8):
 PSYoungGen      total 538112K, used 76744K [0x00000000d5580000, 0x0000000100000000, 0x0000000100000000)
  eden space 399360K, 0% used [0x00000000d5580000,0x00000000d5580000,0x00000000edb80000)
  from space 138752K, 55% used [0x00000000edb80000,0x00000000f2672348,0x00000000f6300000)
  to   space 140288K, 0% used [0x00000000f7700000,0x00000000f7700000,0x0000000100000000)
 ParOldGen       total 386048K, used 309023K [0x0000000080000000, 0x0000000097900000, 0x00000000d5580000)
  object space 386048K, 80% used [0x0000000080000000,0x0000000092dc7c88,0x0000000097900000)
 Metaspace       used 131544K, capacity 139680K, committed 144984K, reserved 1171456K
  class space    used 17107K, capacity 18981K, committed 23680K, reserved 1048576K
}

