# JRE version: OpenJDK Runtime Environment (8.0_152-b01) (build 1.8.0_152-release-915-b01)
# Java VM: OpenJDK 64-Bit Server VM (25.152-b01 mixed mode windows-amd64 compressed oops)
Heap:
 PSYoungGen      total 317440K, used 80361K [0x00000000e0000000, 0x00000000fde80000, 0x0000000100000000)
  eden space 237056K, 0% used [0x00000000e0000000,0x00000000e0000000,0x00000000ee780000)
  from space 80384K, 99% used [0x00000000f5100000,0x00000000f9f7a440,0x00000000f9f80000)
  to   space 108032K, 0% used [0x00000000ee780000,0x00000000ee780000,0x00000000f5100000)
 ParOldGen       total 174080K, used 173609K [0x00000000a0000000, 0x00000000aaa00000, 0x00000000e0000000)
  object space 174080K, 99% used [0x00000000a0000000,0x00000000aa98a580,0x00000000aaa00000)
 Metaspace       used 80831K, capacity 85840K, committed 86144K, reserved 1124352K
  class space    used 10520K, capacity 11879K, committed 11904K, reserved 1048576K
GC Heap History (10 events):
Event: 3889.091 GC heap after
Heap after GC invocations=37 (full 3):
 PSYoungGen      total 246272K, used 49663K [0x00000000e0000000, 0x00000000f4e00000, 0x0000000100000000)
  eden space 196608K, 0% used [0x00000000e0000000,0x00000000e0000000,0x00000000ec000000)
  from space 49664K, 99% used [0x00000000ef900000,0x00000000f297fc98,0x00000000f2980000)
  to   space 58368K, 0% used [0x00000000ec000000,0x00000000ec000000,0x00000000ef900000)
 ParOldGen       total 152576K, used 92974K [0x00000000a0000000, 0x00000000a9500000, 0x00000000e0000000)
  object space 152576K, 60% used [0x00000000a0000000,0x00000000a5acb858,0x00000000a9500000)
 Metaspace       used 74481K, capacity 79376K, committed 79616K, reserved 1118208K
  class space    used 9852K, capacity 11153K, committed 11264K, reserved 1048576K
}
Event: 3895.546 GC heap before
{Heap before GC invocations=38 (full 3):
 PSYoungGen      total 246272K, used 246271K [0x00000000e0000000, 0x00000000f4e00000, 0x0000000100000000)
  eden space 196608K, 100% used [0x00000000e0000000,0x00000000ec000000,0x00000000ec000000)
  from space 49664K, 99% used [0x00000000ef900000,0x00000000f297fc98,0x00000000f2980000)
  to   space 58368K, 0% used [0x00000000ec000000,0x00000000ec000000,0x00000000ef900000)
 ParOldGen       total 152576K, used 92974K [0x00000000a0000000, 0x00000000a9500000, 0x00000000e0000000)
  object space 152576K, 60% used [0x00000000a0000000,0x00000000a5acb858,0x00000000a9500000)
 Metaspace       used 74559K, capacity 79440K, committed 79616K, reserved 1118208K
  class space    used 9853K, capacity 11153K, committed 11264K, reserved 1048576K
Event: 3895.583 GC heap after
Heap after GC invocations=38 (full 3):
 PSYoungGen      total 254976K, used 35313K [0x00000000e0000000, 0x00000000f5380000, 0x0000000100000000)
  eden space 196608K, 0% used [0x00000000e0000000,0x00000000e0000000,0x00000000ec000000)
  from space 58368K, 60% used [0x00000000ec000000,0x00000000ee27c4c0,0x00000000ef900000)
  to   space 57856K, 0% used [0x00000000f1b00000,0x00000000f1b00000,0x00000000f5380000)
 ParOldGen       total 152576K, used 103650K [0x00000000a0000000, 0x00000000a9500000, 0x00000000e0000000)
  object space 152576K, 67% used [0x00000000a0000000,0x00000000a6538ac0,0x00000000a9500000)
 Metaspace       used 74559K, capacity 79440K, committed 79616K, reserved 1118208K
  class space    used 9853K, capacity 11153K, committed 11264K, reserved 1048576K
}
Event: 3900.527 GC heap before
{Heap before GC invocations=39 (full 3):
 PSYoungGen      total 254976K, used 230543K [0x00000000e0000000, 0x00000000f5380000, 0x0000000100000000)
  eden space 196608K, 99% used [0x00000000e0000000,0x00000000ebea7898,0x00000000ec000000)
  from space 58368K, 60% used [0x00000000ec000000,0x00000000ee27c4c0,0x00000000ef900000)
  to   space 57856K, 0% used [0x00000000f1b00000,0x00000000f1b00000,0x00000000f5380000)
 ParOldGen       total 152576K, used 103650K [0x00000000a0000000, 0x00000000a9500000, 0x00000000e0000000)
  object space 152576K, 67% used [0x00000000a0000000,0x00000000a6538ac0,0x00000000a9500000)
 Metaspace       used 78751K, capacity 83698K, committed 83968K, reserved 1122304K
  class space    used 10374K, capacity 11676K, committed 11776K, reserved 1048576K
Event: 3900.599 GC heap after
Heap after GC invocations=39 (full 3):
 PSYoungGen      total 284160K, used 52829K [0x00000000e0000000, 0x00000000f5d00000, 0x0000000100000000)
  eden space 226304K, 0% used [0x00000000e0000000,0x00000000e0000000,0x00000000edd00000)
  from space 57856K, 91% used [0x00000000f1b00000,0x00000000f4e97540,0x00000000f5380000)
  to   space 63488K, 0% used [0x00000000edd00000,0x00000000edd00000,0x00000000f1b00000)
 ParOldGen       total 152576K, used 107699K [0x00000000a0000000, 0x00000000a9500000, 0x00000000e0000000)
  object space 152576K, 70% used [0x00000000a0000000,0x00000000a692cf90,0x00000000a9500000)
 Metaspace       used 78751K, capacity 83698K, committed 83968K, reserved 1122304K
  class space    used 10374K, capacity 11676K, committed 11776K, reserved 1048576K
}
Event: 3907.916 GC heap before
{Heap before GC invocations=40 (full 3):
 PSYoungGen      total 284160K, used 279133K [0x00000000e0000000, 0x00000000f5d00000, 0x0000000100000000)
  eden space 226304K, 100% used [0x00000000e0000000,0x00000000edd00000,0x00000000edd00000)
  from space 57856K, 91% used [0x00000000f1b00000,0x00000000f4e97540,0x00000000f5380000)
  to   space 63488K, 0% used [0x00000000edd00000,0x00000000edd00000,0x00000000f1b00000)
 ParOldGen       total 152576K, used 107699K [0x00000000a0000000, 0x00000000a9500000, 0x00000000e0000000)
  object space 152576K, 70% used [0x00000000a0000000,0x00000000a692cf90,0x00000000a9500000)
 Metaspace       used 80785K, capacity 85776K, committed 85888K, reserved 1124352K
  class space    used 10520K, capacity 11879K, committed 11904K, reserved 1048576K
Event: 3908.040 GC heap after
Heap after GC invocations=40 (full 3):
 PSYoungGen      total 289792K, used 63482K [0x00000000e0000000, 0x00000000f9f80000, 0x0000000100000000)
  eden space 226304K, 0% used [0x00000000e0000000,0x00000000e0000000,0x00000000edd00000)
  from space 63488K, 99% used [0x00000000edd00000,0x00000000f1afebc8,0x00000000f1b00000)
  to   space 80384K, 0% used [0x00000000f5100000,0x00000000f5100000,0x00000000f9f80000)
 ParOldGen       total 152576K, used 130389K [0x00000000a0000000, 0x00000000a9500000, 0x00000000e0000000)
  object space 152576K, 85% used [0x00000000a0000000,0x00000000a7f554f0,0x00000000a9500000)
 Metaspace       used 80785K, capacity 85776K, committed 85888K, reserved 1124352K
  class space    used 10520K, capacity 11879K, committed 11904K, reserved 1048576K
}
Event: 3909.504 GC heap before
{Heap before GC invocations=41 (full 3):
 PSYoungGen      total 289792K, used 289786K [0x00000000e0000000, 0x00000000f9f80000, 0x0000000100000000)
  eden space 226304K, 100% used [0x00000000e0000000,0x00000000edd00000,0x00000000edd00000)
  from space 63488K, 99% used [0x00000000edd00000,0x00000000f1afebc8,0x00000000f1b00000)
  to   space 80384K, 0% used [0x00000000f5100000,0x00000000f5100000,0x00000000f9f80000)
 ParOldGen       total 152576K, used 130389K [0x00000000a0000000, 0x00000000a9500000, 0x00000000e0000000)
  object space 152576K, 85% used [0x00000000a0000000,0x00000000a7f554f0,0x00000000a9500000)
 Metaspace       used 80831K, capacity 85840K, committed 86144K, reserved 1124352K
  class space    used 10520K, capacity 11879K, committed 11904K, reserved 1048576K
Event: 3909.742 GC heap after
Heap after GC invocations=41 (full 3):
 PSYoungGen      total 317440K, used 80361K [0x00000000e0000000, 0x00000000fde80000, 0x0000000100000000)
  eden space 237056K, 0% used [0x00000000e0000000,0x00000000e0000000,0x00000000ee780000)
  from space 80384K, 99% used [0x00000000f5100000,0x00000000f9f7a440,0x00000000f9f80000)
  to   space 108032K, 0% used [0x00000000ee780000,0x00000000ee780000,0x00000000f5100000)
 ParOldGen       total 174080K, used 173609K [0x00000000a0000000, 0x00000000aaa00000, 0x00000000e0000000)
  object space 174080K, 99% used [0x00000000a0000000,0x00000000aa98a580,0x00000000aaa00000)
 Metaspace       used 80831K, capacity 85840K, committed 86144K, reserved 1124352K
  class space    used 10520K, capacity 11879K, committed 11904K, reserved 1048576K
}
Event: 3909.742 GC heap before
{Heap before GC invocations=42 (full 4):
 PSYoungGen      total 317440K, used 80361K [0x00000000e0000000, 0x00000000fde80000, 0x0000000100000000)
  eden space 237056K, 0% used [0x00000000e0000000,0x00000000e0000000,0x00000000ee780000)
  from space 80384K, 99% used [0x00000000f5100000,0x00000000f9f7a440,0x00000000f9f80000)
  to   space 108032K, 0% used [0x00000000ee780000,0x00000000ee780000,0x00000000f5100000)
 ParOldGen       total 174080K, used 173609K [0x00000000a0000000, 0x00000000aaa00000, 0x00000000e0000000)
  object space 174080K, 99% used [0x00000000a0000000,0x00000000aa98a580,0x00000000aaa00000)
 Metaspace       used 80831K, capacity 85840K, committed 86144K, reserved 1124352K
  class space    used 10520K, capacity 11879K, committed 11904K, reserved 1048576K

