# JRE version: OpenJDK Runtime Environment (8.0_152-b01) (build 1.8.0_152-release-915-b01)
# Java VM: OpenJDK 64-Bit Server VM (25.152-b01 mixed mode windows-amd64 compressed oops)
Heap:
 PSYoungGen      total 463872K, used 391143K [0x00000000d5580000, 0x00000000f7380000, 0x0000000100000000)
  eden space 396800K, 85% used [0x00000000d5580000,0x00000000e9f90ac8,0x00000000ed900000)
  from space 67072K, 79% used [0x00000000ed900000,0x00000000f0ce92b0,0x00000000f1a80000)
  to   space 71168K, 0% used [0x00000000f2e00000,0x00000000f2e00000,0x00000000f7380000)
 ParOldGen       total 246272K, used 87406K [0x0000000080000000, 0x000000008f080000, 0x00000000d5580000)
  object space 246272K, 35% used [0x0000000080000000,0x000000008555bad8,0x000000008f080000)
 Metaspace       used 102658K, capacity 112242K, committed 112512K, reserved 1146880K
  class space    used 13307K, capacity 15711K, committed 15744K, reserved 1048576K
GC Heap History (10 events):
Event: 13138.707 GC heap before
{Heap before GC invocations=43 (full 4):
 PSYoungGen      total 427008K, used 390816K [0x00000000d5580000, 0x00000000f4c00000, 0x0000000100000000)
  eden space 357888K, 100% used [0x00000000d5580000,0x00000000eb300000,0x00000000eb300000)
  from space 69120K, 47% used [0x00000000f0880000,0x00000000f28a80a0,0x00000000f4c00000)
  to   space 78336K, 0% used [0x00000000eb300000,0x00000000eb300000,0x00000000eff80000)
 ParOldGen       total 246272K, used 84010K [0x0000000080000000, 0x000000008f080000, 0x00000000d5580000)
  object space 246272K, 34% used [0x0000000080000000,0x000000008520aac8,0x000000008f080000)
 Metaspace       used 100209K, capacity 108958K, committed 109184K, reserved 1142784K
  class space    used 12993K, capacity 15176K, committed 15232K, reserved 1048576K
Event: 13138.738 GC heap after
Heap after GC invocations=43 (full 4):
 PSYoungGen      total 436224K, used 21991K [0x00000000d5580000, 0x00000000f5b80000, 0x0000000100000000)
  eden space 357888K, 0% used [0x00000000d5580000,0x00000000d5580000,0x00000000eb300000)
  from space 78336K, 28% used [0x00000000eb300000,0x00000000ec879d28,0x00000000eff80000)
  to   space 76288K, 0% used [0x00000000f1100000,0x00000000f1100000,0x00000000f5b80000)
 ParOldGen       total 246272K, used 84018K [0x0000000080000000, 0x000000008f080000, 0x00000000d5580000)
  object space 246272K, 34% used [0x0000000080000000,0x000000008520cac8,0x000000008f080000)
 Metaspace       used 100209K, capacity 108958K, committed 109184K, reserved 1142784K
  class space    used 12993K, capacity 15176K, committed 15232K, reserved 1048576K
}
Event: 13142.524 GC heap before
{Heap before GC invocations=44 (full 4):
 PSYoungGen      total 436224K, used 379879K [0x00000000d5580000, 0x00000000f5b80000, 0x0000000100000000)
  eden space 357888K, 100% used [0x00000000d5580000,0x00000000eb300000,0x00000000eb300000)
  from space 78336K, 28% used [0x00000000eb300000,0x00000000ec879d28,0x00000000eff80000)
  to   space 76288K, 0% used [0x00000000f1100000,0x00000000f1100000,0x00000000f5b80000)
 ParOldGen       total 246272K, used 84018K [0x0000000080000000, 0x000000008f080000, 0x00000000d5580000)
  object space 246272K, 34% used [0x0000000080000000,0x000000008520cac8,0x000000008f080000)
 Metaspace       used 100306K, capacity 109114K, committed 109184K, reserved 1142784K
  class space    used 13007K, capacity 15202K, committed 15232K, reserved 1048576K
Event: 13142.555 GC heap after
Heap after GC invocations=44 (full 4):
 PSYoungGen      total 454656K, used 33316K [0x00000000d5580000, 0x00000000f5800000, 0x0000000100000000)
  eden space 381952K, 0% used [0x00000000d5580000,0x00000000d5580000,0x00000000eca80000)
  from space 72704K, 45% used [0x00000000f1100000,0x00000000f3189080,0x00000000f5800000)
  to   space 72192K, 0% used [0x00000000eca80000,0x00000000eca80000,0x00000000f1100000)
 ParOldGen       total 246272K, used 84018K [0x0000000080000000, 0x000000008f080000, 0x00000000d5580000)
  object space 246272K, 34% used [0x0000000080000000,0x000000008520cac8,0x000000008f080000)
 Metaspace       used 100306K, capacity 109114K, committed 109184K, reserved 1142784K
  class space    used 13007K, capacity 15202K, committed 15232K, reserved 1048576K
}
Event: 14981.910 GC heap before
{Heap before GC invocations=45 (full 4):
 PSYoungGen      total 454656K, used 415268K [0x00000000d5580000, 0x00000000f5800000, 0x0000000100000000)
  eden space 381952K, 100% used [0x00000000d5580000,0x00000000eca80000,0x00000000eca80000)
  from space 72704K, 45% used [0x00000000f1100000,0x00000000f3189080,0x00000000f5800000)
  to   space 72192K, 0% used [0x00000000eca80000,0x00000000eca80000,0x00000000f1100000)
 ParOldGen       total 246272K, used 84018K [0x0000000080000000, 0x000000008f080000, 0x00000000d5580000)
  object space 246272K, 34% used [0x0000000080000000,0x000000008520cac8,0x000000008f080000)
 Metaspace       used 100671K, capacity 109730K, committed 109824K, reserved 1144832K
  class space    used 13068K, capacity 15357K, committed 15360K, reserved 1048576K
Event: 14981.943 GC heap after
Heap after GC invocations=45 (full 4):
 PSYoungGen      total 454144K, used 33041K [0x00000000d5580000, 0x00000000f6280000, 0x0000000100000000)
  eden space 381952K, 0% used [0x00000000d5580000,0x00000000d5580000,0x00000000eca80000)
  from space 72192K, 45% used [0x00000000eca80000,0x00000000eeac4630,0x00000000f1100000)
  to   space 68608K, 0% used [0x00000000f1f80000,0x00000000f1f80000,0x00000000f6280000)
 ParOldGen       total 246272K, used 84026K [0x0000000080000000, 0x000000008f080000, 0x00000000d5580000)
  object space 246272K, 34% used [0x0000000080000000,0x000000008520eac8,0x000000008f080000)
 Metaspace       used 100671K, capacity 109730K, committed 109824K, reserved 1144832K
  class space    used 13068K, capacity 15357K, committed 15360K, reserved 1048576K
}
Event: 15657.912 GC heap before
{Heap before GC invocations=46 (full 4):
 PSYoungGen      total 454144K, used 414993K [0x00000000d5580000, 0x00000000f6280000, 0x0000000100000000)
  eden space 381952K, 100% used [0x00000000d5580000,0x00000000eca80000,0x00000000eca80000)
  from space 72192K, 45% used [0x00000000eca80000,0x00000000eeac4630,0x00000000f1100000)
  to   space 68608K, 0% used [0x00000000f1f80000,0x00000000f1f80000,0x00000000f6280000)
 ParOldGen       total 246272K, used 84026K [0x0000000080000000, 0x000000008f080000, 0x00000000d5580000)
  object space 246272K, 34% used [0x0000000080000000,0x000000008520eac8,0x000000008f080000)
 Metaspace       used 101213K, capacity 110646K, committed 110848K, reserved 1144832K
  class space    used 13151K, capacity 15547K, committed 15616K, reserved 1048576K
Event: 15657.936 GC heap after
Heap after GC invocations=46 (full 4):
 PSYoungGen      total 458752K, used 23028K [0x00000000d5580000, 0x00000000f5c00000, 0x0000000100000000)
  eden space 396800K, 0% used [0x00000000d5580000,0x00000000d5580000,0x00000000ed900000)
  from space 61952K, 37% used [0x00000000f1f80000,0x00000000f35fd270,0x00000000f5c00000)
  to   space 67072K, 0% used [0x00000000ed900000,0x00000000ed900000,0x00000000f1a80000)
 ParOldGen       total 246272K, used 84826K [0x0000000080000000, 0x000000008f080000, 0x00000000d5580000)
  object space 246272K, 34% used [0x0000000080000000,0x00000000852d6ac8,0x000000008f080000)
 Metaspace       used 101213K, capacity 110646K, committed 110848K, reserved 1144832K
  class space    used 13151K, capacity 15547K, committed 15616K, reserved 1048576K
}
Event: 15674.407 GC heap before
{Heap before GC invocations=47 (full 4):
 PSYoungGen      total 458752K, used 419828K [0x00000000d5580000, 0x00000000f5c00000, 0x0000000100000000)
  eden space 396800K, 100% used [0x00000000d5580000,0x00000000ed900000,0x00000000ed900000)
  from space 61952K, 37% used [0x00000000f1f80000,0x00000000f35fd270,0x00000000f5c00000)
  to   space 67072K, 0% used [0x00000000ed900000,0x00000000ed900000,0x00000000f1a80000)
 ParOldGen       total 246272K, used 84826K [0x0000000080000000, 0x000000008f080000, 0x00000000d5580000)
  object space 246272K, 34% used [0x0000000080000000,0x00000000852d6ac8,0x000000008f080000)
 Metaspace       used 101323K, capacity 110814K, committed 111104K, reserved 1144832K
  class space    used 13162K, capacity 15555K, committed 15616K, reserved 1048576K
Event: 15674.457 GC heap after
Heap after GC invocations=47 (full 4):
 PSYoungGen      total 463872K, used 53156K [0x00000000d5580000, 0x00000000f7380000, 0x0000000100000000)
  eden space 396800K, 0% used [0x00000000d5580000,0x00000000d5580000,0x00000000ed900000)
  from space 67072K, 79% used [0x00000000ed900000,0x00000000f0ce92b0,0x00000000f1a80000)
  to   space 71168K, 0% used [0x00000000f2e00000,0x00000000f2e00000,0x00000000f7380000)
 ParOldGen       total 246272K, used 87406K [0x0000000080000000, 0x000000008f080000, 0x00000000d5580000)
  object space 246272K, 35% used [0x0000000080000000,0x000000008555bad8,0x000000008f080000)
 Metaspace       used 101323K, capacity 110814K, committed 111104K, reserved 1144832K
  class space    used 13162K, capacity 15555K, committed 15616K, reserved 1048576K
}

