# JRE version: OpenJDK Runtime Environment (8.0_152-b01) (build 1.8.0_152-release-915-b01)
# Java VM: OpenJDK 64-Bit Server VM (25.152-b01 mixed mode windows-amd64 compressed oops)
Heap:
 PSYoungGen      total 245760K, used 17460K [0x00000000d5580000, 0x00000000e7a00000, 0x0000000100000000)
  eden space 216576K, 0% used [0x00000000d5580000,0x00000000d5580000,0x00000000e2900000)
  from space 29184K, 59% used [0x00000000e5d80000,0x00000000e6e8d270,0x00000000e7a00000)
  to   space 41472K, 0% used [0x00000000e2900000,0x00000000e2900000,0x00000000e5180000)
 ParOldGen       total 137728K, used 117370K [0x0000000080000000, 0x0000000088680000, 0x00000000d5580000)
  object space 137728K, 85% used [0x0000000080000000,0x000000008729eb48,0x0000000088680000)
 Metaspace       used 92196K, capacity 98295K, committed 98348K, reserved 1134592K
  class space    used 12270K, capacity 13858K, committed 13868K, reserved 1048576K
GC Heap History (10 events):
Event: 9792.622 GC heap after
Heap after GC invocations=21 (full 3):
 PSYoungGen      total 274944K, used 24055K [0x00000000d5580000, 0x00000000ebc80000, 0x0000000100000000)
  eden space 250880K, 0% used [0x00000000d5580000,0x00000000d5580000,0x00000000e4a80000)
  from space 24064K, 99% used [0x00000000ea500000,0x00000000ebc7dc40,0x00000000ebc80000)
  to   space 41472K, 0% used [0x00000000e6b80000,0x00000000e6b80000,0x00000000e9400000)
 ParOldGen       total 137728K, used 94035K [0x0000000080000000, 0x0000000088680000, 0x00000000d5580000)
  object space 137728K, 68% used [0x0000000080000000,0x0000000085bd4ea8,0x0000000088680000)
 Metaspace       used 87976K, capacity 93419K, committed 93440K, reserved 1130496K
  class space    used 11847K, capacity 13297K, committed 13312K, reserved 1048576K
}
Event: 9795.415 GC heap before
{Heap before GC invocations=22 (full 3):
 PSYoungGen      total 274944K, used 274935K [0x00000000d5580000, 0x00000000ebc80000, 0x0000000100000000)
  eden space 250880K, 100% used [0x00000000d5580000,0x00000000e4a80000,0x00000000e4a80000)
  from space 24064K, 99% used [0x00000000ea500000,0x00000000ebc7dc40,0x00000000ebc80000)
  to   space 41472K, 0% used [0x00000000e6b80000,0x00000000e6b80000,0x00000000e9400000)
 ParOldGen       total 137728K, used 94035K [0x0000000080000000, 0x0000000088680000, 0x00000000d5580000)
  object space 137728K, 68% used [0x0000000080000000,0x0000000085bd4ea8,0x0000000088680000)
 Metaspace       used 88360K, capacity 93881K, committed 94080K, reserved 1130496K
  class space    used 11903K, capacity 13360K, committed 13440K, reserved 1048576K
Event: 9795.449 GC heap after
Heap after GC invocations=22 (full 3):
 PSYoungGen      total 268800K, used 26685K [0x00000000d5580000, 0x00000000ea580000, 0x0000000100000000)
  eden space 241664K, 0% used [0x00000000d5580000,0x00000000d5580000,0x00000000e4180000)
  from space 27136K, 98% used [0x00000000e6b80000,0x00000000e858f758,0x00000000e8600000)
  to   space 32256K, 0% used [0x00000000e8600000,0x00000000e8600000,0x00000000ea580000)
 ParOldGen       total 137728K, used 99285K [0x0000000080000000, 0x0000000088680000, 0x00000000d5580000)
  object space 137728K, 72% used [0x0000000080000000,0x00000000860f56d0,0x0000000088680000)
 Metaspace       used 88360K, capacity 93881K, committed 94080K, reserved 1130496K
  class space    used 11903K, capacity 13360K, committed 13440K, reserved 1048576K
}
Event: 9942.138 GC heap before
{Heap before GC invocations=23 (full 3):
 PSYoungGen      total 268800K, used 268349K [0x00000000d5580000, 0x00000000ea580000, 0x0000000100000000)
  eden space 241664K, 100% used [0x00000000d5580000,0x00000000e4180000,0x00000000e4180000)
  from space 27136K, 98% used [0x00000000e6b80000,0x00000000e858f758,0x00000000e8600000)
  to   space 32256K, 0% used [0x00000000e8600000,0x00000000e8600000,0x00000000ea580000)
 ParOldGen       total 137728K, used 99285K [0x0000000080000000, 0x0000000088680000, 0x00000000d5580000)
  object space 137728K, 72% used [0x0000000080000000,0x00000000860f56d0,0x0000000088680000)
 Metaspace       used 91056K, capacity 97161K, committed 97280K, reserved 1132544K
  class space    used 12139K, capacity 13719K, committed 13824K, reserved 1048576K
Event: 9942.181 GC heap after
Heap after GC invocations=23 (full 3):
 PSYoungGen      total 265216K, used 32237K [0x00000000d5580000, 0x00000000ea580000, 0x0000000100000000)
  eden space 232960K, 0% used [0x00000000d5580000,0x00000000d5580000,0x00000000e3900000)
  from space 32256K, 99% used [0x00000000e8600000,0x00000000ea57b550,0x00000000ea580000)
  to   space 45056K, 0% used [0x00000000e4d80000,0x00000000e4d80000,0x00000000e7980000)
 ParOldGen       total 137728K, used 100220K [0x0000000080000000, 0x0000000088680000, 0x00000000d5580000)
  object space 137728K, 72% used [0x0000000080000000,0x00000000861df398,0x0000000088680000)
 Metaspace       used 91056K, capacity 97161K, committed 97280K, reserved 1132544K
  class space    used 12139K, capacity 13719K, committed 13824K, reserved 1048576K
}
Event: 9952.207 GC heap before
{Heap before GC invocations=24 (full 3):
 PSYoungGen      total 265216K, used 265197K [0x00000000d5580000, 0x00000000ea580000, 0x0000000100000000)
  eden space 232960K, 100% used [0x00000000d5580000,0x00000000e3900000,0x00000000e3900000)
  from space 32256K, 99% used [0x00000000e8600000,0x00000000ea57b550,0x00000000ea580000)
  to   space 45056K, 0% used [0x00000000e4d80000,0x00000000e4d80000,0x00000000e7980000)
 ParOldGen       total 137728K, used 100220K [0x0000000080000000, 0x0000000088680000, 0x00000000d5580000)
  object space 137728K, 72% used [0x0000000080000000,0x00000000861df398,0x0000000088680000)
 Metaspace       used 91133K, capacity 97195K, committed 97536K, reserved 1132544K
  class space    used 12142K, capacity 13724K, committed 13824K, reserved 1048576K
Event: 9952.346 GC heap after
Heap after GC invocations=24 (full 3):
 PSYoungGen      total 241152K, used 15907K [0x00000000d5580000, 0x00000000e8680000, 0x0000000100000000)
  eden space 224768K, 0% used [0x00000000d5580000,0x00000000d5580000,0x00000000e3100000)
  from space 16384K, 97% used [0x00000000e4d80000,0x00000000e5d08df8,0x00000000e5d80000)
  to   space 41984K, 0% used [0x00000000e5d80000,0x00000000e5d80000,0x00000000e8680000)
 ParOldGen       total 137728K, used 117362K [0x0000000080000000, 0x0000000088680000, 0x00000000d5580000)
  object space 137728K, 85% used [0x0000000080000000,0x000000008729cb48,0x0000000088680000)
 Metaspace       used 91133K, capacity 97195K, committed 97536K, reserved 1132544K
  class space    used 12142K, capacity 13724K, committed 13824K, reserved 1048576K
}
Event: 9969.288 GC heap before
{Heap before GC invocations=25 (full 3):
 PSYoungGen      total 241152K, used 234530K [0x00000000d5580000, 0x00000000e8680000, 0x0000000100000000)
  eden space 224768K, 97% used [0x00000000d5580000,0x00000000e2affd18,0x00000000e3100000)
  from space 16384K, 97% used [0x00000000e4d80000,0x00000000e5d08df8,0x00000000e5d80000)
  to   space 41984K, 0% used [0x00000000e5d80000,0x00000000e5d80000,0x00000000e8680000)
 ParOldGen       total 137728K, used 117362K [0x0000000080000000, 0x0000000088680000, 0x00000000d5580000)
  object space 137728K, 85% used [0x0000000080000000,0x000000008729cb48,0x0000000088680000)
 Metaspace       used 92196K, capacity 98295K, committed 98348K, reserved 1134592K
  class space    used 12270K, capacity 13858K, committed 13868K, reserved 1048576K
Event: 9969.310 GC heap after
Heap after GC invocations=25 (full 3):
 PSYoungGen      total 245760K, used 17460K [0x00000000d5580000, 0x00000000e7a00000, 0x0000000100000000)
  eden space 216576K, 0% used [0x00000000d5580000,0x00000000d5580000,0x00000000e2900000)
  from space 29184K, 59% used [0x00000000e5d80000,0x00000000e6e8d270,0x00000000e7a00000)
  to   space 41472K, 0% used [0x00000000e2900000,0x00000000e2900000,0x00000000e5180000)
 ParOldGen       total 137728K, used 117370K [0x0000000080000000, 0x0000000088680000, 0x00000000d5580000)
  object space 137728K, 85% used [0x0000000080000000,0x000000008729eb48,0x0000000088680000)
 Metaspace       used 92196K, capacity 98295K, committed 98348K, reserved 1134592K
  class space    used 12270K, capacity 13858K, committed 13868K, reserved 1048576K
}
Event: 9969.310 GC heap before
{Heap before GC invocations=26 (full 4):
 PSYoungGen      total 245760K, used 17460K [0x00000000d5580000, 0x00000000e7a00000, 0x0000000100000000)
  eden space 216576K, 0% used [0x00000000d5580000,0x00000000d5580000,0x00000000e2900000)
  from space 29184K, 59% used [0x00000000e5d80000,0x00000000e6e8d270,0x00000000e7a00000)
  to   space 41472K, 0% used [0x00000000e2900000,0x00000000e2900000,0x00000000e5180000)
 ParOldGen       total 137728K, used 117370K [0x0000000080000000, 0x0000000088680000, 0x00000000d5580000)
  object space 137728K, 85% used [0x0000000080000000,0x000000008729eb48,0x0000000088680000)
 Metaspace       used 92196K, capacity 98295K, committed 98348K, reserved 1134592K
  class space    used 12270K, capacity 13858K, committed 13868K, reserved 1048576K

